<?xml version="1.0" encoding="UTF-8"?>
<!-- Generated by org.testng.reporters.JUnitXMLReporter -->
<testsuite hostname="DESKTOP-GS1DO0J" name="Test" tests="11" failures="1" timestamp="2 Sep 2018 05:42:25 GMT" time="48.14" errors="0">
  <testcase name="@AfterMethod endTest" time="0.0" classname="testcases.CreateContacts2">
    <failure type="org.openqa.selenium.NoSuchWindowException" message="no such window: target window already closed
from unknown error: web view not found
  (Session info: chrome=68.0.3440.106)
  (Driver info: chromedriver=2.40.565498 (ea082db3280dd6843ebfb08a625e3eb905c4f5ab),platform=Windows NT 10.0.17134 x86_64) (WARNING: The server did not provide any stacktrace information)
Command duration or timeout: 0 milliseconds
Build info: version: &amp;apos;3.12.0&amp;apos;, revision: &amp;apos;7c6e0b3&amp;apos;, time: &amp;apos;2018-05-08T14:04:26.12Z&amp;apos;
System info: host: &amp;apos;DESKTOP-GS1DO0J&amp;apos;, ip: &amp;apos;192.168.0.7&amp;apos;, os.name: &amp;apos;Windows 10&amp;apos;, os.arch: &amp;apos;amd64&amp;apos;, os.version: &amp;apos;10.0&amp;apos;, java.version: &amp;apos;1.8.0_162&amp;apos;
Driver info: org.openqa.selenium.chrome.ChromeDriver
Capabilities {acceptInsecureCerts: false, acceptSslCerts: false, applicationCacheEnabled: false, browserConnectionEnabled: false, browserName: chrome, chrome: {chromedriverVersion: 2.40.565498 (ea082db3280dd6..., userDataDir: C:\Users\jahid\AppData\Loca...}, cssSelectorsEnabled: true, databaseEnabled: false, handlesAlerts: true, hasTouchScreen: false, javascriptEnabled: true, locationContextEnabled: true, mobileEmulationEnabled: false, nativeEvents: true, networkConnectionEnabled: false, pageLoadStrategy: normal, platform: XP, platformName: XP, rotatable: false, setWindowRect: true, takesHeapSnapshot: true, takesScreenshot: true, unexpectedAlertBehaviour: , unhandledPromptBehavior: , version: 68.0.3440.106, webStorageEnabled: true}
Session ID: f995b35d13990b594aaf76a4f856927c">
      <![CDATA[org.openqa.selenium.NoSuchWindowException: no such window: target window already closed
from unknown error: web view not found
  (Session info: chrome=68.0.3440.106)
  (Driver info: chromedriver=2.40.565498 (ea082db3280dd6843ebfb08a625e3eb905c4f5ab),platform=Windows NT 10.0.17134 x86_64) (WARNING: The server did not provide any stacktrace information)
Command duration or timeout: 0 milliseconds
Build info: version: '3.12.0', revision: '7c6e0b3', time: '2018-05-08T14:04:26.12Z'
System info: host: 'DESKTOP-GS1DO0J', ip: '192.168.0.7', os.name: 'Windows 10', os.arch: 'amd64', os.version: '10.0', java.version: '1.8.0_162'
Driver info: org.openqa.selenium.chrome.ChromeDriver
Capabilities {acceptInsecureCerts: false, acceptSslCerts: false, applicationCacheEnabled: false, browserConnectionEnabled: false, browserName: chrome, chrome: {chromedriverVersion: 2.40.565498 (ea082db3280dd6..., userDataDir: C:\Users\jahid\AppData\Loca...}, cssSelectorsEnabled: true, databaseEnabled: false, handlesAlerts: true, hasTouchScreen: false, javascriptEnabled: true, locationContextEnabled: true, mobileEmulationEnabled: false, nativeEvents: true, networkConnectionEnabled: false, pageLoadStrategy: normal, platform: XP, platformName: XP, rotatable: false, setWindowRect: true, takesHeapSnapshot: true, takesScreenshot: true, unexpectedAlertBehaviour: , unhandledPromptBehavior: , version: 68.0.3440.106, webStorageEnabled: true}
Session ID: f995b35d13990b594aaf76a4f856927c
	at org.openqa.selenium.remote.ErrorHandler.createThrowable(ErrorHandler.java:214)
	at org.openqa.selenium.remote.ErrorHandler.throwIfResponseFailed(ErrorHandler.java:166)
	at org.openqa.selenium.remote.http.JsonHttpResponseCodec.reconstructValue(JsonHttpResponseCodec.java:40)
	at org.openqa.selenium.remote.http.AbstractHttpResponseCodec.decode(AbstractHttpResponseCodec.java:80)
	at org.openqa.selenium.remote.http.AbstractHttpResponseCodec.decode(AbstractHttpResponseCodec.java:44)
	at org.openqa.selenium.remote.HttpCommandExecutor.execute(HttpCommandExecutor.java:158)
	at org.openqa.selenium.remote.service.DriverCommandExecutor.execute(DriverCommandExecutor.java:83)
	at org.openqa.selenium.remote.RemoteWebDriver.execute(RemoteWebDriver.java:543)
	at org.openqa.selenium.remote.RemoteWebDriver.execute(RemoteWebDriver.java:600)
	at org.openqa.selenium.remote.RemoteWebDriver.getScreenshotAs(RemoteWebDriver.java:289)
	at helper.Utility.captureScreenshot(Utility.java:35)
	at pageObjects.BaseClass.endTest(BaseClass.java:39)
... Removed 30 stack frames]]>
    </failure>
  </testcase> <!-- @AfterMethod endTest -->
  <testcase name="@AfterClass tearDownApplication" time="0.0" classname="testcases.CreateContacts2">
    <skipped/>
  </testcase> <!-- @AfterClass tearDownApplication -->
  <testcase name="@BeforeClass setupApplication" time="0.0" classname="testcases.VerifyLoginPageDataDriven">
    <skipped/>
  </testcase> <!-- @BeforeClass setupApplication -->
  <testcase name="@AfterMethod endTest" time="0.0" classname="testcases.VerifyLoginPageDataDriven">
    <skipped/>
  </testcase> <!-- @AfterMethod endTest -->
  <testcase name="@AfterMethod endTest" time="0.0" classname="testcases.VerifyLoginPageDataDriven">
    <skipped/>
  </testcase> <!-- @AfterMethod endTest -->
  <testcase name="@AfterMethod endTest" time="0.0" classname="testcases.VerifyLoginPageDataDriven">
    <skipped/>
  </testcase> <!-- @AfterMethod endTest -->
  <testcase name="@AfterClass tearDownApplication" time="0.0" classname="testcases.VerifyLoginPageDataDriven">
    <skipped/>
  </testcase> <!-- @AfterClass tearDownApplication -->
  <testcase name="@BeforeClass setupApplication" time="0.0" classname="testcases.CreateContacts">
    <skipped/>
  </testcase> <!-- @BeforeClass setupApplication -->
  <testcase name="@AfterMethod endTest" time="0.0" classname="testcases.CreateContacts">
    <skipped/>
  </testcase> <!-- @AfterMethod endTest -->
  <testcase name="@AfterClass tearDownApplication" time="0.0" classname="testcases.CreateContacts">
    <skipped/>
  </testcase> <!-- @AfterClass tearDownApplication -->
  <testcase name="@BeforeClass setupApplication" time="0.0" classname="testcases.VerifyLoginExcel">
    <skipped/>
  </testcase> <!-- @BeforeClass setupApplication -->
  <testcase name="@AfterMethod endTest" time="0.0" classname="testcases.VerifyLoginExcel">
    <skipped/>
  </testcase> <!-- @AfterMethod endTest -->
  <testcase name="@AfterClass tearDownApplication" time="0.0" classname="testcases.VerifyLoginExcel">
    <skipped/>
  </testcase> <!-- @AfterClass tearDownApplication -->
  <testcase name="validLogin" time="6.034" classname="testcases.CreateContacts2"/>
  <testcase name="createContact" time="9.316" classname="testcases.CreateContacts2"/>
  <testcase name="logOut" time="17.572" classname="testcases.CreateContacts2">
    <failure type="java.lang.NullPointerException">
      <![CDATA[java.lang.NullPointerException
	at org.openqa.selenium.support.pagefactory.internal.LocatingElementHandler.invoke(LocatingElementHandler.java:51)
	at com.sun.proxy.$Proxy13.isDisplayed(Unknown Source)
	at org.openqa.selenium.support.ui.ExpectedConditions.elementIfVisible(ExpectedConditions.java:315)
	at org.openqa.selenium.support.ui.ExpectedConditions.access$100(ExpectedConditions.java:44)
	at org.openqa.selenium.support.ui.ExpectedConditions$10.apply(ExpectedConditions.java:301)
	at org.openqa.selenium.support.ui.ExpectedConditions$10.apply(ExpectedConditions.java:298)
	at org.openqa.selenium.support.ui.FluentWait.until(FluentWait.java:248)
	at helper.Utility.waitForWebElement(Utility.java:86)
	at helper.Utility.syncWebElement(Utility.java:94)
	at pageObjects.LogOutPage.logOutFromApplication(LogOutPage.java:23)
	at testcases.CreateContacts2.logOut(CreateContacts2.java:53)
... Removed 27 stack frames]]>
    </failure>
  </testcase> <!-- logOut -->
  <testcase name="validLogin" time="0.001" classname="testcases.VerifyLoginPageDataDriven">
    <skipped/>
  </testcase> <!-- validLogin -->
  <testcase name="validLogin" time="0.001" classname="testcases.VerifyLoginPageDataDriven">
    <skipped/>
  </testcase> <!-- validLogin -->
  <testcase name="validLogin" time="0.001" classname="testcases.VerifyLoginPageDataDriven">
    <skipped/>
  </testcase> <!-- validLogin -->
  <testcase name="testConfig" time="0.004" classname="unitTest.VerifyDataProvider"/>
  <testcase name="testExcel" time="0.05" classname="unitTest.VerifyDataProvider"/>
  <testcase name="validLogin" time="0.0" classname="testcases.CreateContacts">
    <skipped/>
  </testcase> <!-- validLogin -->
  <testcase name="validLogin" time="0.005" classname="testcases.VerifyLoginExcel">
    <skipped/>
  </testcase> <!-- validLogin -->
  <testcase name="checkBrowserInstance" time="6.956" classname="unitTest.TestBrowserFactory"/>
</testsuite> <!-- Test -->
